
trce -f "control_SoC_demo_DemoImpl.pt" -o "control_SoC_demo_DemoImpl.twr" "control_SoC_demo_DemoImpl.ncd" "control_SoC_demo_DemoImpl.prf"
trce:  version Diamond_1.3_Production (92)
Copyright (c) 1991-1994 by NeoCAD Inc. All rights reserved.
     Copyright (c) 1995 AT&T Corp.   All rights reserved.
     Copyright (c) 1995-2001 Lucent Technologies Inc.  All rights reserved.
     Copyright (c) 2001 Agere Systems   All rights reserved.
     Copyright (c) 2002-2011 Lattice Semiconductor Corporation,  All rights reserved.

Loading design for application trce from file control_soc_demo_demoimpl.ncd.
Design name: control_soc_demo
NCD version: 3.2
Vendor:      LATTICE
Device:      LCMXO2-1200HC
Package:     CSBGA132
Speed:       5
Loading device for application trce from file 'xo2c1200.nph' in environment: C:/lscc/1.3_20110802-1_3p.92/diamond/1.3/ispfpga.
Package Status:               Final          Version 1.32
Speed Hardware Data Status:   Preliminary    Version 18.4
Setup and Hold Report

--------------------------------------------------------------------------------
Lattice TRACE Report - Setup, Version Diamond_1.3_Production (92)
Tue Oct 25 14:15:49 2011

Copyright (c) 1991-1994 by NeoCAD Inc. All rights reserved.
Copyright (c) 1995 AT&T Corp.   All rights reserved.
Copyright (c) 1995-2001 Lucent Technologies Inc.  All rights reserved.
Copyright (c) 2001 Agere Systems   All rights reserved.
Copyright (c) 2002-2011 Lattice Semiconductor Corporation,  All rights reserved.

Report Information
------------------
Command line:    trce -v 5 -p -c -fullname -gt -sethld -sp 5 -sphld m -o control_SoC_demo_DemoImpl.twr control_SoC_demo_DemoImpl.ncd control_SoC_demo_DemoImpl.prf 
Design file:     control_soc_demo_demoimpl.ncd
Preference file: control_soc_demo_demoimpl.prf
Device,speed:    LCMXO2-1200HC,5
Report level:    verbose report, limited to 5 items per preference
--------------------------------------------------------------------------------

BLOCK ASYNCPATHS
BLOCK RESETPATHS
--------------------------------------------------------------------------------



Timing summary (Setup):
---------------

Timing errors: 0  Score: 0
Cumulative negative slack: 0

Constraints cover 38334 paths, 1 nets, and 4301 connections (96.9% coverage)

--------------------------------------------------------------------------------
Lattice TRACE Report - Hold, Version Diamond_1.3_Production (92)
Tue Oct 25 14:15:49 2011

Copyright (c) 1991-1994 by NeoCAD Inc. All rights reserved.
Copyright (c) 1995 AT&T Corp.   All rights reserved.
Copyright (c) 1995-2001 Lucent Technologies Inc.  All rights reserved.
Copyright (c) 2001 Agere Systems   All rights reserved.
Copyright (c) 2002-2011 Lattice Semiconductor Corporation,  All rights reserved.

Report Information
------------------
Command line:    trce -v 5 -p -c -fullname -gt -sethld -sp 5 -sphld m -o control_SoC_demo_DemoImpl.twr control_SoC_demo_DemoImpl.ncd control_SoC_demo_DemoImpl.prf 
Design file:     control_soc_demo_demoimpl.ncd
Preference file: control_soc_demo_demoimpl.prf
Device,speed:    LCMXO2-1200HC,m
Report level:    verbose report, limited to 5 items per preference
--------------------------------------------------------------------------------

BLOCK ASYNCPATHS
BLOCK RESETPATHS
--------------------------------------------------------------------------------



Timing summary (Hold):
---------------

Timing errors: 0  Score: 0
Cumulative negative slack: 0

Constraints cover 38334 paths, 1 nets, and 4301 connections (96.9% coverage)



Timing summary (Setup and Hold):
---------------

Timing errors: 0 (setup), 0 (hold)
Score: 0 (setup), 0 (hold)
Cumulative negative slack: 0 (0+0)
--------------------------------------------------------------------------------

--------------------------------------------------------------------------------

Total time: 2 secs 
