Loading NGL library 'C:/lscc/1.3_20110802-1_3p.92/diamond/1.3/ispfpga/xo2c00a/data/xo2alib.ngl'...
Loading NGL library 'C:/lscc/1.3_20110802-1_3p.92/diamond/1.3/ispfpga/xo2c00/data/xo2clib.ngl'...
Loading NGL library 'C:/lscc/1.3_20110802-1_3p.92/diamond/1.3/ispfpga/mg5g00/data/mg5glib.ngl'...
Loading NGL library 'C:/lscc/1.3_20110802-1_3p.92/diamond/1.3/ispfpga/or5g00/data/orc5glib.ngl'...
Loading NGO design 'C:\work\SWDemoProject\MachXOBoard\Demo_MachXO2_Control_SoC\Diamond_project\DemoImpl/pmi_romxhmenusdn8101024.ngo'...
Loading NGO design 'C:\work\SWDemoProject\MachXOBoard\Demo_MachXO2_Control_SoC\Diamond_project\DemoImpl/pmi_distributed_spramxbnonen8532.ngo'...
Loading NGO design 'C:\work\SWDemoProject\MachXOBoard\Demo_MachXO2_Control_SoC\Diamond_project\DemoImpl/pmi_distributed_dpramxbnonen8532.ngo'...
Loading NGO design 'C:\work\SWDemoProject\MachXOBoard\Demo_MachXO2_Control_SoC\Diamond_project\DemoImpl/pmi_distributed_spramxbnonen12416.ngo'...
Loading NGO design 'C:\work\SWDemoProject\MachXOBoard\Demo_MachXO2_Control_SoC\Diamond_project\DemoImpl/pmi_romxhprom_initadn18101024.ngo'...
Loading NGO design 'C:\work\SWDemoProject\MachXOBoard\Demo_MachXO2_Control_SoC\Diamond_project\DemoImpl/pmi_addsubxo88.ngo'...
 
Running DRC... 
WARNING - synthesis: logical net 'lm8_inst/GND_net' has no load
WARNING - synthesis: logical net 'lm8_inst/u1_isp8/GND_net' has no load
WARNING - synthesis: logical net 'adc_wb_inst/adc_inst/SSD_ADC/sigma_760_add_4_1/CI' has no driver
WARNING - synthesis: logical net 'adc_wb_inst/adc_inst/SSD_ADC/sigma_760_add_4_1/S0' has no load
WARNING - synthesis: logical net 'adc_wb_inst/adc_inst/SSD_ADC/sigma_760_add_4_11/CO' has no load
WARNING - synthesis: logical net 'adc_wb_inst/adc_inst/SSD_ADC/sigma_760_add_4_11/S1' has no load
WARNING - synthesis: logical net 'adc_wb_inst/adc_inst/SSD_ADC/counter_761_add_4_1/CI' has no driver
WARNING - synthesis: logical net 'adc_wb_inst/adc_inst/SSD_ADC/counter_761_add_4_1/S0' has no load
WARNING - synthesis: logical net 'adc_wb_inst/adc_inst/SSD_ADC/counter_761_add_4_11/CO' has no load
WARNING - synthesis: logical net 'adc_wb_inst/adc_inst/SSD_ADC/counter_761_add_4_11/S1' has no load
WARNING - synthesis: logical net 'adc_wb_inst/adc_inst/SSD_ADC/box_ave/add_497_1/CI' has no driver
WARNING - synthesis: logical net 'adc_wb_inst/adc_inst/SSD_ADC/box_ave/add_497_1/S0' has no load
WARNING - synthesis: logical net 'adc_wb_inst/adc_inst/SSD_ADC/box_ave/add_497_11/CO' has no load
WARNING - synthesis: logical net 'TIME_INST/minutes_755_add_4_1/CI' has no driver
WARNING - synthesis: logical net 'TIME_INST/minutes_755_add_4_1/S0' has no load
WARNING - synthesis: logical net 'TIME_INST/minutes_755_add_4_9/CO' has no load
WARNING - synthesis: logical net 'TIME_INST/minutes_755_add_4_9/S1' has no load
WARNING - synthesis: logical net 'TIME_INST/counter_753_add_4_25/CO' has no load
WARNING - synthesis: logical net 'TIME_INST/seconds_754_add_4_1/CI' has no driver
WARNING - synthesis: logical net 'TIME_INST/seconds_754_add_4_1/S0' has no load
WARNING - synthesis: logical net 'TIME_INST/hours_756_add_4_1/CI' has no driver
WARNING - synthesis: logical net 'TIME_INST/hours_756_add_4_1/S0' has no load
WARNING - synthesis: logical net 'TIME_INST/seconds_754_add_4_9/CO' has no load
WARNING - synthesis: logical net 'TIME_INST/seconds_754_add_4_9/S1' has no load
WARNING - synthesis: logical net 'TIME_INST/hours_756_add_4_9/CO' has no load
WARNING - synthesis: logical net 'TIME_INST/hours_756_add_4_9/S1' has no load
WARNING - synthesis: logical net 'TIME_INST/counter_753_add_4_1/CI' has no driver
WARNING - synthesis: logical net 'TIME_INST/counter_753_add_4_1/S0' has no load
WARNING - synthesis: logical net 'SPI_INST/data_cnt_752_add_4_1/CI' has no driver
WARNING - synthesis: logical net 'SPI_INST/data_cnt_752_add_4_1/S0' has no load
WARNING - synthesis: logical net 'SPI_INST/data_cnt_752_add_4_7/CO' has no load
WARNING - synthesis: logical net 'SPI_INST/data_cnt_752_add_4_7/S1' has no load
WARNING - synthesis: logical net 'UART_INST/u_txmitt/sub_10_add_2_17/CO' has no load
WARNING - synthesis: logical net 'UART_INST/u_txmitt/sub_10_add_2_1/CI' has no driver
WARNING - synthesis: logical net 'UART_INST/u_txmitt/sub_10_add_2_1/S0' has no load
WARNING - synthesis: logical net 'UART_INST/u_rxcver/add_513_17/CO' has no load
WARNING - synthesis: logical net 'UART_INST/u_rxcver/add_513_17/S1' has no load
WARNING - synthesis: logical net 'UART_INST/u_rxcver/add_505_1/CI' has no driver
WARNING - synthesis: logical net 'UART_INST/u_rxcver/add_505_1/S0' has no load
WARNING - synthesis: logical net 'UART_INST/u_rxcver/add_505_17/CO' has no load
WARNING - synthesis: logical net 'UART_INST/u_rxcver/add_505_17/S1' has no load
WARNING - synthesis: logical net 'UART_INST/u_rxcver/equal_17_0/CI' has no driver
WARNING - synthesis: logical net 'UART_INST/u_rxcver/equal_17_0/S0' has no load
WARNING - synthesis: logical net 'UART_INST/u_rxcver/equal_17_0/S1' has no load
WARNING - synthesis: logical net 'UART_INST/u_rxcver/equal_17_13/S0' has no load
WARNING - synthesis: logical net 'UART_INST/u_rxcver/equal_17_13/S1' has no load
WARNING - synthesis: logical net 'UART_INST/u_rxcver/equal_17_15/S0' has no load
WARNING - synthesis: logical net 'UART_INST/u_rxcver/equal_17_15/S1' has no load
WARNING - synthesis: logical net 'UART_INST/u_rxcver/equal_17_16/CO' has no load
WARNING - synthesis: logical net 'UART_INST/u_rxcver/equal_17_16/S0' has no load
WARNING - synthesis: logical net 'UART_INST/u_rxcver/add_513_1/CI' has no driver
WARNING - synthesis: logical net 'UART_INST/u_rxcver/add_513_1/S0' has no load
WARNING - synthesis: logical net 'lm8_inst/pmi_distributed_sprampmi_distributed_spramXO2binarynonenoreg8532/scuba_vlo' has no load
WARNING - synthesis: logical net 'lm8_inst/u1_isp8/i53/scuba_vlo' has no load
WARNING - synthesis: logical net 'lm8_inst/u1_isp8/pmi_distributed_dprampmi_distributed_dpramXO2binarynonenoreg8532/scuba_vlo' has no load
WARNING - synthesis: logical net 'lm8_inst/u1_isp8/u1_isp8_flow_cntl/pmi_distributed_sprampmi_distributed_spramXO2binarynonenoreg12416/scuba_vlo' has no load
WARNING - synthesis: logical net 'lm8_inst/u1_isp8/u1_isp8_flow_cntl/add_491_1/CI' has no driver
WARNING - synthesis: logical net 'lm8_inst/u1_isp8/u1_isp8_flow_cntl/add_491_1/S0' has no load
WARNING - synthesis: logical net 'lm8_inst/u1_isp8/u1_isp8_flow_cntl/add_491_11/CO' has no load
WARNING - synthesis: logical net 'lm8_inst/u1_isp8/u1_isp8_flow_cntl/add_491_11/S1' has no load
WARNING - synthesis: logical net 'lm8_inst/u1_isp8/u1_isp8_alu/pmi_addsubpmi_addsubXO2off88/scuba_vhi' has no load
WARNING - synthesis: logical net 'lm8_inst/u1_isp8/u1_isp8_alu/pmi_addsubpmi_addsubXO2off88/co4d' has no load
WARNING - synthesis: logical net 'lm8_inst/u1_isp8/u1_isp8_alu/pmi_addsubpmi_addsubXO2off88/addsubd/COUT' has no load
WARNING - synthesis: logical net 'lm8_inst/u1_isp8/u1_isp8_alu/pmi_addsubpmi_addsubXO2off88/addsubd/S1' has no load
WARNING - synthesis: logical net 'lm8_inst/u1_isp8/u1_isp8_alu/pmi_addsubpmi_addsubXO2off88/addsub_0/S0' has no load
WARNING - synthesis: DRC complete with 65 warnings

Design Results:
   1362 blocks expanded
completed the first expansion
