
trce -f "ecp3_ddr3_impl1.pt" -o "ecp3_ddr3_impl1.twr" "ecp3_ddr3_impl1.ncd" "ecp3_ddr3_impl1.prf"
trce:  version Diamond_1.3_Production (92)
Copyright (c) 1991-1994 by NeoCAD Inc. All rights reserved.
     Copyright (c) 1995 AT&T Corp.   All rights reserved.
     Copyright (c) 1995-2001 Lucent Technologies Inc.  All rights reserved.
     Copyright (c) 2001 Agere Systems   All rights reserved.
     Copyright (c) 2002-2011 Lattice Semiconductor Corporation,  All rights reserved.

Loading design for application trce from file ecp3_ddr3_impl1.ncd.
Design name: ddr3_test_top
NCD version: 3.2
Vendor:      LATTICE
Device:      LFE3-35EA
Package:     FPBGA484
Speed:       8
Loading device for application trce from file 'ec5a71x74.nph' in environment: C:/lscc/1.3_20110802-1_3p.92/diamond/1.3/ispfpga.
Package Status:               Final          Version 1.59
Speed Hardware Data Status:   Final          Version 28.22
Setup and Hold Report

--------------------------------------------------------------------------------
Lattice TRACE Report - Setup, Version Diamond_1.3_Production (92)
Tue Oct 25 16:06:41 2011

Copyright (c) 1991-1994 by NeoCAD Inc. All rights reserved.
Copyright (c) 1995 AT&T Corp.   All rights reserved.
Copyright (c) 1995-2001 Lucent Technologies Inc.  All rights reserved.
Copyright (c) 2001 Agere Systems   All rights reserved.
Copyright (c) 2002-2011 Lattice Semiconductor Corporation,  All rights reserved.

Report Information
------------------
Command line:    trce -v 5 -p -c -fullname -gt -sethld -sp 8 -sphld m -o ecp3_ddr3_impl1.twr ecp3_ddr3_impl1.ncd ecp3_ddr3_impl1.prf 
Design file:     ecp3_ddr3_impl1.ncd
Preference file: ecp3_ddr3_impl1.prf
Device,speed:    LFE3-35EA,8
Report level:    verbose report, limited to 5 items per preference
--------------------------------------------------------------------------------

BLOCK ASYNCPATHS
BLOCK RESETPATHS
BLOCK PATH FROM CLKNET "clk_in_c" to CLKNET "sclk"
BLOCK PATH FROM CLKNET "clk_in_c" to CLKNET "u_ddr3_sdram_mem_top/clocking/clkos"
BLOCK PATH FROM CLKNET "sclk" to CLKNET "clk_in_c"
BLOCK PATH FROM CLKNET "u_ddr3_sdram_mem_top/sclk2x" to CLKNET "clk_in_c"
BLOCK PATH FROM CLKNET "clk_in_c" to CLKNET "u_ddr3_sdram_mem_top/eclk"
BLOCK PATH FROM CLKNET "u_ddr3_sdram_mem_top/clocking/clkos" to CLKNET "u_ddr3_sdram_mem_top/eclk"
BLOCK PATH FROM CLKNET "u_ddr3_sdram_mem_top/clocking/clkos" to CLKNET "sclk"
BLOCK PATH FROM CLKNET "u_ddr3_sdram_mem_top/sclk2x" to CLKNET "u_ddr3_sdram_mem_top/clocking/clkos"
--------------------------------------------------------------------------------



Timing summary (Setup):
---------------

Timing errors: 0  Score: 0
Cumulative negative slack: 0

Constraints cover 22703 paths, 98 nets, and 14441 connections (98.4% coverage)

--------------------------------------------------------------------------------
Lattice TRACE Report - Hold, Version Diamond_1.3_Production (92)
Tue Oct 25 16:06:42 2011

Copyright (c) 1991-1994 by NeoCAD Inc. All rights reserved.
Copyright (c) 1995 AT&T Corp.   All rights reserved.
Copyright (c) 1995-2001 Lucent Technologies Inc.  All rights reserved.
Copyright (c) 2001 Agere Systems   All rights reserved.
Copyright (c) 2002-2011 Lattice Semiconductor Corporation,  All rights reserved.

Report Information
------------------
Command line:    trce -v 5 -p -c -fullname -gt -sethld -sp 8 -sphld m -o ecp3_ddr3_impl1.twr ecp3_ddr3_impl1.ncd ecp3_ddr3_impl1.prf 
Design file:     ecp3_ddr3_impl1.ncd
Preference file: ecp3_ddr3_impl1.prf
Device,speed:    LFE3-35EA,m
Report level:    verbose report, limited to 5 items per preference
--------------------------------------------------------------------------------

BLOCK ASYNCPATHS
BLOCK RESETPATHS
BLOCK PATH FROM CLKNET "clk_in_c" to CLKNET "sclk"
BLOCK PATH FROM CLKNET "clk_in_c" to CLKNET "u_ddr3_sdram_mem_top/clocking/clkos"
BLOCK PATH FROM CLKNET "sclk" to CLKNET "clk_in_c"
BLOCK PATH FROM CLKNET "u_ddr3_sdram_mem_top/sclk2x" to CLKNET "clk_in_c"
BLOCK PATH FROM CLKNET "clk_in_c" to CLKNET "u_ddr3_sdram_mem_top/eclk"
BLOCK PATH FROM CLKNET "u_ddr3_sdram_mem_top/clocking/clkos" to CLKNET "u_ddr3_sdram_mem_top/eclk"
BLOCK PATH FROM CLKNET "u_ddr3_sdram_mem_top/clocking/clkos" to CLKNET "sclk"
BLOCK PATH FROM CLKNET "u_ddr3_sdram_mem_top/sclk2x" to CLKNET "u_ddr3_sdram_mem_top/clocking/clkos"
--------------------------------------------------------------------------------



Timing summary (Hold):
---------------

Timing errors: 0  Score: 0
Cumulative negative slack: 0

Constraints cover 22699 paths, 18 nets, and 14435 connections (98.3% coverage)



Timing summary (Setup and Hold):
---------------

Timing errors: 0 (setup), 0 (hold)
Score: 0 (setup), 0 (hold)
Cumulative negative slack: 0 (0+0)
--------------------------------------------------------------------------------

--------------------------------------------------------------------------------

Total time: 8 secs 
