Running in Lattice mode


Starting:    C:\lscc\1.3_20110802-1_3p.92\diamond\1.3\synpbase\win64\mbin\synbatch.exe
Install:     C:\lscc\1.3_20110802-1_3p.92\diamond\1.3\synpbase
Date:        Tue Oct 25 15:57:17 2011
Version:     E-2011.03L

Arguments:   -product synplify_pro  -batch ecp3_ddr3_impl1_synplify.tcl
ProductType: synplify_pro






log file: "C:\work\SWDemoProject\VersaBoard\DK-ECP3-DDR3-011\user_logic\par\diamond\impl1\ecp3_ddr3_impl1.srf"


Running proj_1|impl1

Running Premap Flow on proj_1|impl1

Running Compile Flow on proj_1|impl1

Running HDL Compile on proj_1|impl1

compiler Completed with warnings
Return Code: 1

Run Time:00:00:01

Copied C:\work\SWDemoProject\VersaBoard\DK-ECP3-DDR3-011\user_logic\par\diamond\impl1\synwork\ecp3_ddr3_impl1_compiler.srs to C:\work\SWDemoProject\VersaBoard\DK-ECP3-DDR3-011\user_logic\par\diamond\impl1\ecp3_ddr3_impl1.srl

Copied C:\work\SWDemoProject\VersaBoard\DK-ECP3-DDR3-011\user_logic\par\diamond\impl1\synwork\ecp3_ddr3_impl1_compiler.srs to C:\work\SWDemoProject\VersaBoard\DK-ECP3-DDR3-011\user_logic\par\diamond\impl1\ecp3_ddr3_impl1.srs

Job flow Compile Flow completed on proj_1|impl1


Running Pre-mapping on proj_1|impl1

premapping Completed
Return Code: 0

Run Time:00:00:00

Job flow Premap Flow completed on proj_1|impl1


Running Mapping Flow on proj_1|impl1

Running Mapping on proj_1|impl1

LATTICE-ECP3 Mapper Completed with warnings
Return Code: 1

Run Time:00:00:04

Job flow Mapping Flow completed on proj_1|impl1


Job flow Synthesis completed on proj_1|impl1


TCL script complete: "ecp3_ddr3_impl1_synplify.tcl"

exit status=0


