# Synopsys Constraint Checker, version maplat, Build 1498R, built Jul  5 2016
# Copyright (C) 1994-2016 Synopsys, Inc. All rights reserved. This Synopsys software and all associated documentation are proprietary to Synopsys, Inc. and may only be used pursuant to the terms and conditions of a written license agreement with Synopsys, Inc. All other use, reproduction, modification, or distribution of the Synopsys software or the associated documentation is strictly prohibited.

# Written on Fri Apr 28 10:51:49 2017


##### DESIGN INFO #######################################################

Top View:                "counter_top"
Constraint File(s):      (none)




##### SUMMARY ############################################################

Found 0 issues in 0 out of 0 constraints


##### DETAILS ############################################################



Clock Relationships
*******************

Starting                                  Ending                                    |     rise to rise     |     fall to fall     |     rise to fall     |     fall to rise                     
-----------------------------------------------------------------------------------------------------------------------------------------------------------------------------------------------
System                                    System                                    |     2.128            |     No paths         |     No paths         |     No paths                         
System                                    counter_top|clk1                          |     18.182           |     No paths         |     No paths         |     No paths                         
System                                    reveal_coretop|jtck_inferred_clock[0]     |     No paths         |     No paths         |     3.530            |     No paths                         
counter_top|clk1                          System                                    |     18.182           |     No paths         |     No paths         |     No paths                         
counter_top|clk1                          counter_top|clk1                          |     18.182           |     No paths         |     No paths         |     No paths                         
counter_top|clk1                          reveal_coretop|jtck_inferred_clock[0]     |     No paths         |     No paths         |     Diff grp         |     No paths                         
reveal_coretop|jtck_inferred_clock[0]     System                                    |     No paths         |     No paths         |     No paths         |     3.530                            
reveal_coretop|jtck_inferred_clock[0]     counter_top|clk1                          |     No paths         |     No paths         |     No paths         |     Diff grp                         
reveal_coretop|jtck_inferred_clock[0]     reveal_coretop|jtck_inferred_clock[0]     |     No paths         |     3.530            |     No paths         |     No paths                         
===============================================================================================================================================================================================
 Note: 'No paths' indicates there are no paths in the design for that pair of clock edges.
       'Diff grp' indicates that paths exist but the starting clock and ending clock are in different clock groups.


Unconstrained Start/End Points
******************************

p:LEDPIO_OUT0
p:LEDPIO_OUT1
p:LEDPIO_OUT2
p:LEDPIO_OUT3
p:rstn


Inapplicable constraints
************************

(none)


Applicable constraints with issues
**********************************

(none)


Constraints with matching wildcard expressions
**********************************************

(none)


Library Report
**************


# End of Constraint Checker Report
