$ Start of Compile
#Thu Mar 04 17:56:49 2010

Synopsys VHDL Compiler, version comp350rcp1, Build 105R, built Jul 22 2009
Copyright (C) 1994-2009, Synopsys Inc.  All Rights Reserved

@N: CD720 :"C:\lscc\diamond\1.0\synpbase\lib\vhd\std.vhd":123:18:123:21|Setting time resolution to ns
@N:"C:\Documents and Settings\bcaslis\My Documents\balidesigns\mixedcounter\source\topcount.vhd":8:7:8:15|Top entity is set to typecount.
Process took 0h:00m:01s realtime, 0h:00m:01s cputime
# Thu Mar 04 17:56:49 2010

###########################################################]
$ Start of Compile
#Thu Mar 04 17:59:09 2010

Synopsys VHDL Compiler, version comp350rcp1, Build 105R, built Jul 22 2009
Copyright (C) 1994-2009, Synopsys Inc.  All Rights Reserved

@N: CD720 :"C:\lscc\diamond\1.0\synpbase\lib\vhd\std.vhd":123:18:123:21|Setting time resolution to ns
@N:"C:\Documents and Settings\bcaslis\My Documents\balidesigns\mixedcounter\vhdl\reveal_workspace\tmpreveal\typecount_rvl_top.vhd":338:7:338:15|Top entity is set to typecount.
Process took 0h:00m:01s realtime, 0h:00m:01s cputime
# Thu Mar 04 17:59:09 2010

###########################################################]
$ Start of Compile
#Thu Mar 04 18:02:07 2010

Synopsys VHDL Compiler, version comp350rcp1, Build 105R, built Jul 22 2009
Copyright (C) 1994-2009, Synopsys Inc.  All Rights Reserved

@N: CD720 :"C:\lscc\diamond\1.0\synpbase\lib\vhd\std.vhd":123:18:123:21|Setting time resolution to ns
@N:"C:\Documents and Settings\bcaslis\My Documents\balidesigns\mixedcounter\vhdl\reveal_workspace\tmpreveal\typecount_rvl_top.vhd":338:7:338:15|Top entity is set to typecount.
Process took 0h:00m:01s realtime, 0h:00m:01s cputime
# Thu Mar 04 18:02:07 2010

###########################################################]
$ Start of Compile
#Tue Mar 09 10:43:49 2010

Synopsys VHDL Compiler, version comp350rcp1, Build 105R, built Jul 22 2009
Copyright (C) 1994-2009, Synopsys Inc.  All Rights Reserved

@N: CD720 :"C:\lscc\diamond\1.0\synpbase\lib\vhd\std.vhd":123:18:123:21|Setting time resolution to ns
@N:"C:\Documents and Settings\bcaslis\My Documents\balidesigns\mixedcounter\vhdl\reveal_workspace\tmpreveal\typecount_rvl_top.vhd":338:7:338:15|Top entity is set to typecount.
Process took 0h:00m:01s realtime, 0h:00m:01s cputime
# Tue Mar 09 10:43:49 2010

###########################################################]
