Resource Usage Report
Part: lif_md6000-6

Register bits: 375 of 5600 (7%)
PIC Latch:       0
I/O cells:       9

Details:
CCU2C:          54
FD1P3AX:        112
FD1P3BX:        38
FD1P3DX:        82
FD1S3AX:        43
FD1S3BX:        9
FD1S3DX:        82
FD1S3IX:        7
FD1S3JX:        2
GSR:            1
IB:             4
INV:            9
OB:             4
OBZ:            1
ORCALUT4:       459
OSCI:           1
PFUMX:          18
PUR:            1
VHI:            15
VLO:            15
